--------------------------------------------------------------------------------
Release 14.7 Trace  (nt64)
Copyright (c) 1995-2013 Xilinx, Inc.  All rights reserved.

C:\Xilinx\14.7\ISE_DS\ISE\bin\nt64\unwrapped\trce.exe -intstyle ise -v 3 -s 3
-n 3 -fastpaths -xml processor.twx processor.ncd -o processor.twr processor.pcf
-ucf uuu.ucf

Design file:              processor.ncd
Physical constraint file: processor.pcf
Device,package,speed:     xc6slx9,tqg144,C,-3 (PRODUCTION 1.23 2013-10-13)
Report level:             verbose report

Environment Variable      Effect 
--------------------      ------ 
NONE                      No environment variables were set
--------------------------------------------------------------------------------

INFO:Timing:2698 - No timing constraints found, doing default enumeration.
INFO:Timing:3412 - To improve timing, see the Timing Closure User Guide (UG612).
INFO:Timing:2752 - To get complete path coverage, use the unconstrained paths 
   option. All paths that are not constrained will be reported in the 
   unconstrained paths section(s) of the report.
INFO:Timing:3339 - The clock-to-out numbers in this timing report are based on 
   a 50 Ohm transmission line loading model.  For the details of this model, 
   and for more information on accounting for different loading conditions, 
   please see the device datasheet.



Data Sheet report:
-----------------
All values displayed in nanoseconds (ns)

Clock clk to Pad
--------------+-----------------+------------+-----------------+------------+------------------+--------+
              |Max (slowest) clk|  Process   |Min (fastest) clk|  Process   |                  | Clock  |
Destination   |  (edge) to PAD  |   Corner   |  (edge) to PAD  |   Corner   |Internal Clock(s) | Phase  |
--------------+-----------------+------------+-----------------+------------+------------------+--------+
instruction<0>|        10.956(R)|      SLOW  |         5.520(R)|      FAST  |clk_BUFGP         |   0.000|
instruction<1>|        10.438(R)|      SLOW  |         5.215(R)|      FAST  |clk_BUFGP         |   0.000|
instruction<2>|         9.447(R)|      SLOW  |         4.638(R)|      FAST  |clk_BUFGP         |   0.000|
instruction<3>|         9.537(R)|      SLOW  |         4.667(R)|      FAST  |clk_BUFGP         |   0.000|
instruction<4>|         9.083(R)|      SLOW  |         4.932(R)|      FAST  |clk_BUFGP         |   0.000|
instruction<5>|         9.419(R)|      SLOW  |         5.197(R)|      FAST  |clk_BUFGP         |   0.000|
instruction<6>|         8.827(R)|      SLOW  |         4.808(R)|      FAST  |clk_BUFGP         |   0.000|
instruction<7>|         8.751(R)|      SLOW  |         4.730(R)|      FAST  |clk_BUFGP         |   0.000|
--------------+-----------------+------------+-----------------+------------+------------------+--------+

Clock to Setup on destination clock clk
---------------+---------+---------+---------+---------+
               | Src:Rise| Src:Fall| Src:Rise| Src:Fall|
Source Clock   |Dest:Rise|Dest:Rise|Dest:Fall|Dest:Fall|
---------------+---------+---------+---------+---------+
clk            |    4.156|         |         |         |
---------------+---------+---------+---------+---------+


Analysis completed Fri Nov 24 10:48:03 2023 
--------------------------------------------------------------------------------

Trace Settings:
-------------------------
Trace Settings 

Peak Memory Usage: 4572 MB



